
   Program  MARK  - Survival Rate Estimation with Capture-Recapture Data
   gfortran(Win64) Vers. 8.0 Jun 2014    6-Apr-2018 09:09:00    Page  001
 - - - - - - - - - - - - - - - - - - - - - - - - - - - - - - - - - - - - - -
 
   This version was compiled by GCC version 4.9.2 using the options 
   -m64 -mtune=generic -march=x86-64 -mthreads -O2 -fimplicit-none -fbounds-check -funroll-loops -ftree-vectorize -fopenmp.
   This problem will use 1 of 2 possible threads.


  INPUT --- proc title ;

     CPU Time in seconds for last procedure was 0.00


  INPUT --- proc chmatrix occasions= 3 groups= 2 etype= Live ICMeans 
  INPUT --- NoHist hist= 8 ;

  INPUT ---    time  interval 1 1 ;

  INPUT ---    glabel(1)=rel2018-03-01 17:50:00;

  INPUT ---    glabel(2)=rel2018-03-13 18:00:00;

   * *  WARNING  * *   At least a pair of the encounter histories are duplicates. 

      Number of unique encounter histories read was 4.

      Number of individual covariates read was 0.
      Time interval lengths are all equal to 1.

      Data type number is 1
      Data type is Live Recaptures (CJS)                                                                               

     CPU Time in seconds for last procedure was 0.00

  Program  MARK  - Survival Rate Estimation with Capture-Recapture Data
   gfortran(Win64) Vers. 8.0 Jun 2014    6-Apr-2018 09:09:00    Page  002
 - - - - - - - - - - - - - - - - - - - - - - - - - - - - - - - - - - - - - -
 


  INPUT --- proc estimate link=Logit NOLOOP varest=2ndPart    ;


  INPUT --- model={ Phi(~time * rel)p(~time) };

  INPUT ---    group=1 Phi    rows=2 cols=2 Triang ;
  INPUT ---        1 2 ;
  INPUT ---        2 ;

  INPUT ---    group=2 Phi    rows=2 cols=2 Triang ;
  INPUT ---        3 4 ;
  INPUT ---        4 ;

  INPUT ---    group=1 p    rows=2 cols=2 Triang ;
  INPUT ---        5 6 ;
  INPUT ---        6 ;

  INPUT ---    group=2 p    rows=2 cols=2 Triang ;
  INPUT ---        5 6 ;
  INPUT ---        6 ;

  INPUT ---    design matrix constraints=6 covariates=6;
  INPUT ---        1 0 0 0 0 0;
  INPUT ---        1 1 0 0 0 0;
  INPUT ---        1 0 1 0 0 0;
  INPUT ---        1 1 1 1 0 0;
  INPUT ---        0 0 0 0 1 0;
  INPUT ---        0 0 0 0 1 1;

  INPUT ---    blabel(1)=Phi:(Intercept);

  INPUT ---    blabel(2)=Phi:time2;

  INPUT ---    blabel(3)=Phi:rel2018-03-13 18:00:00;

  INPUT ---    blabel(4)=Phi:time2:rel2018-03-13 18:00:00;

  INPUT ---    blabel(5)=p:(Intercept);

  INPUT ---    blabel(6)=p:time3;

  INPUT ---    rlabel(1)=Phi g2018-03-01 17:50:00 c1 a0 t1;

  INPUT ---    rlabel(2)=Phi g2018-03-01 17:50:00 c1 a1 t2;

  Program  MARK  - Survival Rate Estimation with Capture-Recapture Data
   gfortran(Win64) Vers. 8.0 Jun 2014    6-Apr-2018 09:09:00    Page  003
 - - - - - - - - - - - - - - - - - - - - - - - - - - - - - - - - - - - - - -
 

  INPUT ---    rlabel(3)=Phi g2018-03-13 18:00:00 c1 a0 t1;

  INPUT ---    rlabel(4)=Phi g2018-03-13 18:00:00 c1 a1 t2;

  INPUT ---    rlabel(5)=p g2018-03-01 17:50:00 c1 a1 t2;

  INPUT ---    rlabel(6)=p g2018-03-01 17:50:00 c1 a2 t3;

 Link Function Used is LOGIT        

 Variance Estimation Procedure Used is 2ndPart 
 -2logL(saturated) = 776.04912     
 Effective Sample Size = 724

 Number of function evaluations was 27 for 6 parameters.
 Time for numerical optimization was 0.01 seconds.
 -2logL { Phi(~time * rel)p(~time) } = 779.00051     
 Penalty { Phi(~time * rel)p(~time) } = -0.0000000    
 Gradient { Phi(~time * rel)p(~time) }:
  0.4840295E-05 0.6409711E-05 0.1887999E-04 0.8761882E-05 0.6100849E-05
  0.1542799E-04
 S Vector { Phi(~time * rel)p(~time) }:
   141.3325      22.74877      12.67468      6.741281      1.324533    
  0.4392013E-05
 Time to compute number of parameters was 0.01 seconds.
   Threshold =  0.1400000E-06     Condition index =  0.3107575E-07     New Threshold =  0.1075819E-04
 New Guessimate of Estimated Parameters { Phi(~time * rel)p(~time) } = 5          
 Conditioned S Vector { Phi(~time * rel)p(~time) }:
   1.000000     0.1609593     0.8967987E-01 0.4769804E-01 0.9371753E-02
  0.3107575E-07
 Number of Estimated Parameters { Phi(~time * rel)p(~time) } = 5          
 DEVIANCE { Phi(~time * rel)p(~time) } = 2.9513805                     
 DEVIANCE Degrees of Freedom { Phi(~time * rel)p(~time) } = 1            
 c-hat { Phi(~time * rel)p(~time) } = 2.9513805                     
 AIC { Phi(~time * rel)p(~time) } = 789.00051                  
 AICc { Phi(~time * rel)p(~time) } = 789.08407                    
 BIC { Phi(~time * rel)p(~time) } = 811.92446                    
 Pearson Chisquare { Phi(~time * rel)p(~time) } = 2.9926759                  
 Possible Encounter Histories { Phi(~time * rel)p(~time) } = 8             
 Pearson Chisquare df { Phi(~time * rel)p(~time) } = 1        
 Pearson chat { Phi(~time * rel)p(~time) } = 2.9926759                  
 Sum(Observed/Expected) { Phi(~time * rel)p(~time) } = 8.2328769                  
 Fletcher chat { Phi(~time * rel)p(~time) } = 2.9080244                  


                 LOGIT Link Function Parameters of { Phi(~time * rel)p(~time) }
                                                              95% Confidence Interval
 Parameter                    Beta         Standard Error      Lower           Upper
 -------------------------  --------------  --------------  --------------  --------------
    1:Phi:(Intercept)       -1.3487582      0.1306059       -1.6047458      -1.0927706    
    2:Phi:time2             4.3209965       272.84531       -530.45582      539.09781     
    3:Phi:rel2018-03-13 18  0.2043107       0.2007665       -0.1891918      0.5978131     
    4:Phi:time2:rel2018-03  -1.5950325      194.95693       -383.71062      380.52055     
    5:p:(Intercept)         2.7269188       0.3901319       1.9622603       3.4915773     
    6:p:time3               0.4737741       339.46150       -664.87077      665.81832     


                 Real Function Parameters of { Phi(~time * rel)p(~time) }
                                                               95% Confidence Interval
  Parameter                  Estimate       Standard Error      Lower           Upper
 --------------------------  --------------  --------------  --------------  --------------

  Program  MARK  - Survival Rate Estimation with Capture-Recapture Data
   gfortran(Win64) Vers. 8.0 Jun 2014    6-Apr-2018 09:09:00    Page  004
 - - - - - - - - - - - - - - - - - - - - - - - - - - - - - - - - - - - - - -
 
     1:Phi g2018-03-01 17:5  0.2060735       0.0213681       0.1673194       0.2510969                           
     2:Phi g2018-03-01 17:5  0.9513041       12.639458       0.1097093E-230  1.0000000                           
     3:Phi g2018-03-13 18:0  0.2415047       0.0279508       0.1910014       0.3004032                           
     4:Phi g2018-03-13 18:0  0.8294192       11.020158       0.2428055E-065  1.0000000                           
     5:p g2018-03-01 17:50:  0.9385965       0.0224845       0.8767774       0.9704472                           
     6:p g2018-03-01 17:50:  0.9608603       12.766389       0.2718849E-287  1.0000000                           

 Attempted ordering of parameters by estimatibility:
  1 3 2 5 4 6
 Beta number 6 is a singular value.

     CPU Time in seconds for last procedure was 0.00


  INPUT --- proc stop;

     CPU Time in minutes for this job was 0.00

     Time Start = 09:09:00.046   Time End = 09:09:00.046

     Wall Clock Time in minutes for this job was 0.00


          E X E C U T I O N   S U C C E S S F U L 
