
   Program  MARK  - Survival Rate Estimation with Capture-Recapture Data
   gfortran(Win64) Vers. 8.0 Jun 2014    6-Apr-2018 09:08:57    Page  001
 - - - - - - - - - - - - - - - - - - - - - - - - - - - - - - - - - - - - - -
 
   This version was compiled by GCC version 4.9.2 using the options 
   -m64 -mtune=generic -march=x86-64 -mthreads -O2 -fimplicit-none -fbounds-check -funroll-loops -ftree-vectorize -fopenmp.
   This problem will use 1 of 2 possible threads.


  INPUT --- proc title ;

     CPU Time in seconds for last procedure was 0.00


  INPUT --- proc chmatrix occasions= 3 groups= 2 etype= Live ICMeans 
  INPUT --- NoHist hist= 8 ;

  INPUT ---    time  interval 1 1 ;

  INPUT ---    glabel(1)=rel2018-03-01 17:50:00;

  INPUT ---    glabel(2)=rel2018-03-13 18:00:00;

   * *  WARNING  * *   At least a pair of the encounter histories are duplicates. 

      Number of unique encounter histories read was 4.

      Number of individual covariates read was 0.
      Time interval lengths are all equal to 1.

      Data type number is 1
      Data type is Live Recaptures (CJS)                                                                               

     CPU Time in seconds for last procedure was 0.00

  Program  MARK  - Survival Rate Estimation with Capture-Recapture Data
   gfortran(Win64) Vers. 8.0 Jun 2014    6-Apr-2018 09:08:57    Page  002
 - - - - - - - - - - - - - - - - - - - - - - - - - - - - - - - - - - - - - -
 


  INPUT --- proc estimate link=Logit NOLOOP varest=2ndPart    ;


  INPUT --- model={ Phi(~time)p(~time) };

  INPUT ---    group=1 Phi    rows=2 cols=2 Triang ;
  INPUT ---        1 2 ;
  INPUT ---        2 ;

  INPUT ---    group=2 Phi    rows=2 cols=2 Triang ;
  INPUT ---        1 2 ;
  INPUT ---        2 ;

  INPUT ---    group=1 p    rows=2 cols=2 Triang ;
  INPUT ---        3 4 ;
  INPUT ---        4 ;

  INPUT ---    group=2 p    rows=2 cols=2 Triang ;
  INPUT ---        3 4 ;
  INPUT ---        4 ;

  INPUT ---    design matrix constraints=4 covariates=4;
  INPUT ---        1 0 0 0;
  INPUT ---        1 1 0 0;
  INPUT ---        0 0 1 0;
  INPUT ---        0 0 1 1;

  INPUT ---    blabel(1)=Phi:(Intercept);

  INPUT ---    blabel(2)=Phi:time2;

  INPUT ---    blabel(3)=p:(Intercept);

  INPUT ---    blabel(4)=p:time3;

  INPUT ---    rlabel(1)=Phi g2018-03-01 17:50:00 c1 a0 t1;

  INPUT ---    rlabel(2)=Phi g2018-03-01 17:50:00 c1 a1 t2;

  INPUT ---    rlabel(3)=p g2018-03-01 17:50:00 c1 a1 t2;

  INPUT ---    rlabel(4)=p g2018-03-01 17:50:00 c1 a2 t3;

 Link Function Used is LOGIT        

  Program  MARK  - Survival Rate Estimation with Capture-Recapture Data
   gfortran(Win64) Vers. 8.0 Jun 2014    6-Apr-2018 09:08:57    Page  003
 - - - - - - - - - - - - - - - - - - - - - - - - - - - - - - - - - - - - - -
 

 Variance Estimation Procedure Used is 2ndPart 
 -2logL(saturated) = 776.04912     
 Effective Sample Size = 724

 Number of function evaluations was 21 for 4 parameters.
 Time for numerical optimization was 0.01 seconds.
 -2logL { Phi(~time)p(~time) } = 783.49282     
 Penalty { Phi(~time)p(~time) } = -0.0000000    
 Gradient { Phi(~time)p(~time) }:
  0.5020223E-05  0.000000      0.000000      0.000000    
 S Vector { Phi(~time)p(~time) }:
   109.8304      11.35595      4.456642     0.2625785E-05
 Time to compute number of parameters was 0.01 seconds.
   Threshold =  0.1000000E-06     Condition index =  0.2390763E-07     New Threshold =  0.5251570E-05
 New Guessimate of Estimated Parameters { Phi(~time)p(~time) } = 3          
 Conditioned S Vector { Phi(~time)p(~time) }:
   1.000000     0.1033953     0.4057748E-01 0.2390763E-07
 Number of Estimated Parameters { Phi(~time)p(~time) } = 3          
 DEVIANCE { Phi(~time)p(~time) } = 7.4436982                     
 DEVIANCE Degrees of Freedom { Phi(~time)p(~time) } = 3            
 c-hat { Phi(~time)p(~time) } = 2.4812327                     
 AIC { Phi(~time)p(~time) } = 789.49282                  
 AICc { Phi(~time)p(~time) } = 789.52616                    
 BIC { Phi(~time)p(~time) } = 803.24720                    
 Pearson Chisquare { Phi(~time)p(~time) } = 7.6129741                  
 Possible Encounter Histories { Phi(~time)p(~time) } = 8             
 Pearson Chisquare df { Phi(~time)p(~time) } = 3        
 Pearson chat { Phi(~time)p(~time) } = 2.5376580                  
 Sum(Observed/Expected) { Phi(~time)p(~time) } = 8.4575038                  
 Fletcher chat { Phi(~time)p(~time) } = 2.4003849                  


                    LOGIT Link Function Parameters of { Phi(~time)p(~time) }
                                                              95% Confidence Interval
 Parameter                    Beta         Standard Error      Lower           Upper
 -------------------------  --------------  --------------  --------------  --------------
    1:Phi:(Intercept)       -1.2645774      0.0991764       -1.4589633      -1.0701916    
    2:Phi:time2             3.6224390       333.18746       -649.42499      656.66986     
    3:p:(Intercept)         2.7269186       0.3901319       1.9622600       3.4915771     
    4:p:time3               0.1083688       519.44660       -1018.0070      1018.2237     


                    Real Function Parameters of { Phi(~time)p(~time) }
                                                               95% Confidence Interval
  Parameter                  Estimate       Standard Error      Lower           Upper
 --------------------------  --------------  --------------  --------------  --------------
     1:Phi g2018-03-01 17:5  0.2201869       0.0170291       0.1886259       0.2553666                           
     2:Phi g2018-03-01 17:5  0.9135571       26.311993       0.2565189E-282  1.0000000                           
     3:p g2018-03-01 17:50:  0.9385965       0.0224845       0.8767773       0.9704472                           
     4:p g2018-03-01 17:50:  0.9445532       27.204715       0.1679625E-302  1.0000000                           

 Attempted ordering of parameters by estimatibility:
  1 3 2 4
 Beta number 4 is a singular value.

     CPU Time in seconds for last procedure was 0.00

  Program  MARK  - Survival Rate Estimation with Capture-Recapture Data
   gfortran(Win64) Vers. 8.0 Jun 2014    6-Apr-2018 09:08:57    Page  004
 - - - - - - - - - - - - - - - - - - - - - - - - - - - - - - - - - - - - - -
 


  INPUT --- proc stop;

     CPU Time in minutes for this job was 0.00

     Time Start = 09:08:57.722   Time End = 09:08:57.722

     Wall Clock Time in minutes for this job was 0.00


          E X E C U T I O N   S U C C E S S F U L 
