
   Program  MARK  - Survival Rate Estimation with Capture-Recapture Data
   gfortran(Win64) Vers. 8.0 Jun 2014    6-Dec-2018 11:28:11    Page  001
 - - - - - - - - - - - - - - - - - - - - - - - - - - - - - - - - - - - - - -
 
   This version was compiled by GCC version 4.9.2 using the options 
   -m64 -mtune=generic -march=x86-64 -mthreads -O2 -fimplicit-none -fbounds-check -funroll-loops -ftree-vectorize -fopenmp.
   This problem will use 1 of 2 possible threads.


  INPUT --- proc title ;

     CPU Time in seconds for last procedure was 0.00


  INPUT --- proc chmatrix occasions= 5 groups= 1 etype= Multistrata 
  INPUT --- strata=2 ICMeans NoHist hist=  5 ;

  INPUT ---    time interval 1 1 1 1 ;

  INPUT ---     strata=A B;

  INPUT ---    glabel(1)=Group 1;

      Number of unique encounter histories read was 5.

      Number of individual covariates read was 0.
      Time interval lengths are all equal to 1.

      Data type number is 9
      Data type is Multi-state with Live Recaptures                                                                    

     CPU Time in seconds for last procedure was 0.00

  Program  MARK  - Survival Rate Estimation with Capture-Recapture Data
   gfortran(Win64) Vers. 8.0 Jun 2014    6-Dec-2018 11:28:11    Page  002
 - - - - - - - - - - - - - - - - - - - - - - - - - - - - - - - - - - - - - -
 


  INPUT --- proc estimate link=Parm-Specific NOLOOP varest=2ndPart    ;


  INPUT --- model={ S(~-1 + stratum:time)p(~-1 + stratum:time)Psi(~-1 + 
  INPUT --- stratum:time) };

  INPUT ---    fixed=19;
  INPUT ---        parm(10)=1 ;
  INPUT ---        parm(11)=0 ;
  INPUT ---        parm(12)=0 ;
  INPUT ---        parm(13)=0 ;
  INPUT ---        parm(15)=0 ;
  INPUT ---        parm(16)=0 ;
  INPUT ---        parm(18)=0 ;
  INPUT ---        parm(20)=0 ;
  INPUT ---        parm(21)=0 ;
  INPUT ---        parm(22)=0 ;
  INPUT ---        parm(23)=0 ;
  INPUT ---        parm(24)=0 ;
  INPUT ---        parm(25)=0 ;
  INPUT ---        parm(26)=0 ;
  INPUT ---        parm(27)=0 ;
  INPUT ---        parm(28)=0 ;
  INPUT ---        parm(29)=0 ;
  INPUT ---        parm(30)=0 ;
  INPUT ---        parm(31)=0 ;

  INPUT ---    group=1 S A:StratumA   rows=4 cols=4 Triang ;
  INPUT ---        1 2 3 10 ;
  INPUT ---        2 3 10 ;
  INPUT ---        3 10 ;
  INPUT ---        10 ;

  INPUT ---    group=1 S B:StratumB   rows=4 cols=4 Triang ;
  INPUT ---        10 10 10 10 ;
  INPUT ---        10 10 10 ;
  INPUT ---        10 10 ;
  INPUT ---        10 ;

  INPUT ---    group=1 p A:StratumA   rows=4 cols=4 Triang ;
  INPUT ---        4 5 6 7 ;
  INPUT ---        5 6 7 ;
  INPUT ---        6 7 ;
  INPUT ---        7 ;

  Program  MARK  - Survival Rate Estimation with Capture-Recapture Data
   gfortran(Win64) Vers. 8.0 Jun 2014    6-Dec-2018 11:28:11    Page  003
 - - - - - - - - - - - - - - - - - - - - - - - - - - - - - - - - - - - - - -
 

  INPUT ---    group=1 p B:StratumB   rows=4 cols=4 Triang ;
  INPUT ---        11 11 8 9 ;
  INPUT ---        11 8 9 ;
  INPUT ---        8 9 ;
  INPUT ---        9 ;

  INPUT ---    group=1 Psi A to B   rows=4 cols=4 Triang ;
  INPUT ---        12 13 14 15 ;
  INPUT ---        16 17 18 ;
  INPUT ---        19 20 ;
  INPUT ---        21 ;

  INPUT ---    group=1 Psi B to A   rows=4 cols=4 Triang ;
  INPUT ---        22 23 24 25 ;
  INPUT ---        26 27 28 ;
  INPUT ---        29 30 ;
  INPUT ---        31 ;

  INPUT ---    design matrix constraints=31 covariates=10;
  INPUT ---        1 0 0 0 0 0 0 0 0 0;
  INPUT ---        0 1 0 0 0 0 0 0 0 0;
  INPUT ---        0 0 1 0 0 0 0 0 0 0;
  INPUT ---        0 0 0 1 0 0 0 0 0 0;
  INPUT ---        0 0 0 0 1 0 0 0 0 0;
  INPUT ---        0 0 0 0 0 1 0 0 0 0;
  INPUT ---        0 0 0 0 0 0 0 1 0 0;
  INPUT ---        0 0 0 0 0 0 1 0 0 0;
  INPUT ---        0 0 0 0 0 0 0 0 1 0;
  INPUT ---        0 0 0 0 0 0 0 0 0 0;
  INPUT ---        0 0 0 0 0 0 0 0 0 0;
  INPUT ---        0 0 0 0 0 0 0 0 0 0;
  INPUT ---        0 0 0 0 0 0 0 0 0 0;
  INPUT ---        0 0 0 0 0 0 0 0 0 1;
  INPUT ---        0 0 0 0 0 0 0 0 0 0;
  INPUT ---        0 0 0 0 0 0 0 0 0 0;
  INPUT ---        0 0 0 0 0 0 0 0 0 1;
  INPUT ---        0 0 0 0 0 0 0 0 0 0;
  INPUT ---        0 0 0 0 0 0 0 0 0 1;
  INPUT ---        0 0 0 0 0 0 0 0 0 0;
  INPUT ---        0 0 0 0 0 0 0 0 0 0;
  INPUT ---        0 0 0 0 0 0 0 0 0 0;
  INPUT ---        0 0 0 0 0 0 0 0 0 0;
  INPUT ---        0 0 0 0 0 0 0 0 0 0;
  INPUT ---        0 0 0 0 0 0 0 0 0 0;
  INPUT ---        0 0 0 0 0 0 0 0 0 0;

  Program  MARK  - Survival Rate Estimation with Capture-Recapture Data
   gfortran(Win64) Vers. 8.0 Jun 2014    6-Dec-2018 11:28:11    Page  004
 - - - - - - - - - - - - - - - - - - - - - - - - - - - - - - - - - - - - - -
 
  INPUT ---        0 0 0 0 0 0 0 0 0 0;
  INPUT ---        0 0 0 0 0 0 0 0 0 0;
  INPUT ---        0 0 0 0 0 0 0 0 0 0;
  INPUT ---        0 0 0 0 0 0 0 0 0 0;
  INPUT ---        0 0 0 0 0 0 0 0 0 0;

  INPUT ---    links=31;

  INPUT ---    Logit;

  INPUT ---    Logit;

  INPUT ---    Logit;

  INPUT ---    Logit;

  INPUT ---    Logit;

  INPUT ---    Logit;

  INPUT ---    Logit;

  INPUT ---    Logit;

  INPUT ---    Logit;

  INPUT ---    Logit;

  INPUT ---    Logit;

  INPUT ---    mlogit(1);

  INPUT ---    mlogit(2);

  INPUT ---    mlogit(3);

  INPUT ---    mlogit(4);

  INPUT ---    mlogit(5);

  INPUT ---    mlogit(6);

  INPUT ---    mlogit(7);

  INPUT ---    mlogit(8);


  Program  MARK  - Survival Rate Estimation with Capture-Recapture Data
   gfortran(Win64) Vers. 8.0 Jun 2014    6-Dec-2018 11:28:11    Page  005
 - - - - - - - - - - - - - - - - - - - - - - - - - - - - - - - - - - - - - -
 
  INPUT ---    mlogit(9);

  INPUT ---    mlogit(10);

  INPUT ---    mlogit(11);

  INPUT ---    mlogit(12);

  INPUT ---    mlogit(13);

  INPUT ---    mlogit(14);

  INPUT ---    mlogit(15);

  INPUT ---    mlogit(16);

  INPUT ---    mlogit(17);

  INPUT ---    mlogit(18);

  INPUT ---    mlogit(19);

  INPUT ---    mlogit(20);

  INPUT ---    blabel(1)=S:stratumA:time1;

  INPUT ---    blabel(2)=S:stratumA:time2;

  INPUT ---    blabel(3)=S:stratumA:time3;

  INPUT ---    blabel(4)=p:stratumA:time2;

  INPUT ---    blabel(5)=p:stratumA:time3;

  INPUT ---    blabel(6)=p:stratumA:time4;

  INPUT ---    blabel(7)=p:stratumB:time4;

  INPUT ---    blabel(8)=p:stratumA:time5;

  INPUT ---    blabel(9)=p:stratumB:time5;

  INPUT ---    blabel(10)=Psi:stratumA:time3;

  INPUT ---    rlabel(1)=S sA g1 c1 a0 o1 t1;


  Program  MARK  - Survival Rate Estimation with Capture-Recapture Data
   gfortran(Win64) Vers. 8.0 Jun 2014    6-Dec-2018 11:28:11    Page  006
 - - - - - - - - - - - - - - - - - - - - - - - - - - - - - - - - - - - - - -
 
  INPUT ---    rlabel(2)=S sA g1 c1 a1 o2 t2;

  INPUT ---    rlabel(3)=S sA g1 c1 a2 o3 t3;

  INPUT ---    rlabel(4)=p sA g1 c1 a1 o1 t2;

  INPUT ---    rlabel(5)=p sA g1 c1 a2 o2 t3;

  INPUT ---    rlabel(6)=p sA g1 c1 a3 o3 t4;

  INPUT ---    rlabel(7)=p sA g1 c1 a4 o4 t5;

  INPUT ---    rlabel(8)=p sB g1 c1 a3 o3 t4;

  INPUT ---    rlabel(9)=p sB g1 c1 a4 o4 t5;

  INPUT ---    rlabel(10)=S sA g1 c1 a3 o4 t4;

  INPUT ---    rlabel(11)=p sB g1 c1 a1 o1 t2;

  INPUT ---    rlabel(12)=Psi sA toB g1 c1 a0 o1 t1;

  INPUT ---    rlabel(13)=Psi sA toB g1 c1 a1 o2 t2;

  INPUT ---    rlabel(14)=Psi sA toB g1 c1 a2 o3 t3;

  INPUT ---    rlabel(15)=Psi sA toB g1 c1 a3 o4 t4;

  INPUT ---    rlabel(16)=Psi sA toB g1 c2 a0 o2 t2;

  INPUT ---    rlabel(17)=Psi sA toB g1 c2 a1 o3 t3;

  INPUT ---    rlabel(18)=Psi sA toB g1 c2 a2 o4 t4;

  INPUT ---    rlabel(19)=Psi sA toB g1 c3 a0 o3 t3;

  INPUT ---    rlabel(20)=Psi sA toB g1 c3 a1 o4 t4;

  INPUT ---    rlabel(21)=Psi sA toB g1 c4 a0 o4 t4;

  INPUT ---    rlabel(22)=Psi sB toA g1 c1 a0 o1 t1;

  INPUT ---    rlabel(23)=Psi sB toA g1 c1 a1 o2 t2;

  INPUT ---    rlabel(24)=Psi sB toA g1 c1 a2 o3 t3;


  Program  MARK  - Survival Rate Estimation with Capture-Recapture Data
   gfortran(Win64) Vers. 8.0 Jun 2014    6-Dec-2018 11:28:11    Page  007
 - - - - - - - - - - - - - - - - - - - - - - - - - - - - - - - - - - - - - -
 
  INPUT ---    rlabel(25)=Psi sB toA g1 c1 a3 o4 t4;

  INPUT ---    rlabel(26)=Psi sB toA g1 c2 a0 o2 t2;

  INPUT ---    rlabel(27)=Psi sB toA g1 c2 a1 o3 t3;

  INPUT ---    rlabel(28)=Psi sB toA g1 c2 a2 o4 t4;

  INPUT ---    rlabel(29)=Psi sB toA g1 c3 a0 o3 t3;

  INPUT ---    rlabel(30)=Psi sB toA g1 c3 a1 o4 t4;

  INPUT ---    rlabel(31)=Psi sB toA g1 c4 a0 o4 t4;

 Link Function Used is PARM-SPECIFIC

 Variance Estimation Procedure Used is 2ndPart 
 -2logL(saturated) = 234.09473     
 Effective Sample Size = 497

 Number of function evaluations was 37 for 10 parameters.
 Time for numerical optimization was 0.02 seconds.
 -2logL { S(~-1 + stratum:time)p(~-1 + stratum:time)Psi(~-1 + stratum:time) } = 234.09473     
 Penalty { S(~-1 + stratum:time)p(~-1 + stratum:time)Psi(~-1 + stratum:time) } = -0.0000000    
 Gradient { S(~-1 + stratum:time)p(~-1 + stratum:time)Psi(~-1 + stratum:time) }:
  0.3852413E-05-0.1323221E-05  0.000000    -0.1306438E-06  0.000000    
   0.000000      0.000000      0.000000      0.000000    -0.5684323E-05
 S Vector { S(~-1 + stratum:time)p(~-1 + stratum:time)Psi(~-1 + stratum:time) }:
   26.21818      1.851851     0.9642858     0.4999976     0.2441473E-07
  0.2069555E-07 0.2499701E-08 0.2764631E-09 0.2764626E-09 0.9961000E-10
 Time to compute number of parameters was 0.02 seconds.
   Threshold =  0.2200000E-06     Condition index =  0.3799272E-11     New Threshold =  0.3149945E-09
 New Guessimate of Estimated Parameters { S(~-1 + stratum:time)p(~-1 + stratum:time)Psi(~-1 + stratum:time) } = 6          
 Conditioned S Vector { S(~-1 + stratum:time)p(~-1 + stratum:time)Psi(~-1 + stratum:time) }:
   1.000000     0.7063233E-01 0.3677928E-01 0.1907064E-01 0.9312138E-09
  0.7893587E-09 0.9534227E-10 0.1054471E-10 0.1054469E-10 0.3799272E-11
 Number of Estimated Parameters { S(~-1 + stratum:time)p(~-1 + stratum:time)Psi(~-1 + stratum:time) } = 4          
 DEVIANCE { S(~-1 + stratum:time)p(~-1 + stratum:time)Psi(~-1 + stratum:time) } = 0.5231641E-007                
 DEVIANCE Degrees of Freedom { S(~-1 + stratum:time)p(~-1 + stratum:time)Psi(~-1 + stratum:time) } = 0            
 c-hat { S(~-1 + stratum:time)p(~-1 + stratum:time)Psi(~-1 + stratum:time) } = 1.0000000                     
 AIC { S(~-1 + stratum:time)p(~-1 + stratum:time)Psi(~-1 + stratum:time) } = 242.09473                  
 AICc { S(~-1 + stratum:time)p(~-1 + stratum:time)Psi(~-1 + stratum:time) } = 242.17603                    
 BIC { S(~-1 + stratum:time)p(~-1 + stratum:time)Psi(~-1 + stratum:time) } = 258.92909                    
 Pearson Chisquare { S(~-1 + stratum:time)p(~-1 + stratum:time)Psi(~-1 + stratum:time) } = 0.2616263E-007             
 Possible Encounter Histories { S(~-1 + stratum:time)p(~-1 + stratum:time)Psi(~-1 + stratum:time) } = 81             
 Pearson Chisquare df { S(~-1 + stratum:time)p(~-1 + stratum:time)Psi(~-1 + stratum:time) } = 76        
 Pearson chat { S(~-1 + stratum:time)p(~-1 + stratum:time)Psi(~-1 + stratum:time) } = 0.3442451E-009             
 Sum(Observed/Expected) { S(~-1 + stratum:time)p(~-1 + stratum:time)Psi(~-1 + stratum:time) } = 4.9999997                  
 Fletcher chat { S(~-1 + stratum:time)p(~-1 + stratum:time)Psi(~-1 + stratum:time) } = 0.5576771E-008             


 PARM-SPECIFIC Link Function Parameters of { S(~-1 + stratum:time)p(~-1 + stratum:time)Psi(~-1 + stratum:time) }
                                                              95% Confidence Interval
 Parameter                    Beta         Standard Error      Lower           Upper
 -------------------------  --------------  --------------  --------------  --------------
    1:S:stratumA:time1      -2.6888188      0.1952984       -3.0716037      -2.3060339    
    2:S:stratumA:time2      3.2958367       1.0183501       1.2998704       5.2918030     
    3:S:stratumA:time3      -2.5257281      0.7348381       -3.9660108      -1.0854454    
    4:p:stratumA:time2      20.755120       6378.6326       -12481.365      12522.875     

  Program  MARK  - Survival Rate Estimation with Capture-Recapture Data
   gfortran(Win64) Vers. 8.0 Jun 2014    6-Dec-2018 11:28:11    Page  008
 - - - - - - - - - - - - - - - - - - - - - - - - - - - - - - - - - - - - - -
 
    5:p:stratumA:time3      29.892775       0.0000000       29.892775       29.892775     
    6:p:stratumA:time4      49.696330       0.2563032E-012  49.696330       49.696330     
    7:p:stratumB:time4      13.836127       0.0000000       13.836127       13.836127     
    8:p:stratumA:time5      49.696378       0.0000000       49.696378       49.696378     
    9:p:stratumB:time5      -83.458553      0.0000000       -83.458553      -83.458553    
   10:Psi:stratumA:time3    -.3242106E-005  1.4142015       -2.7718382      2.7718318     


 Real Function Parameters of { S(~-1 + stratum:time)p(~-1 + stratum:time)Psi(~-1 + stratum:time) }
                                                               95% Confidence Interval
  Parameter                  Estimate       Standard Error      Lower           Upper
 --------------------------  --------------  --------------  --------------  --------------
     1:S sA g1 c1 a0 o1 t1   0.0636364       0.0116372       0.0442939       0.0906245                           
     2:S sA g1 c1 a1 o2 t2   0.9642857       0.0350707       0.7858132       0.9949925                           
     3:S sA g1 c1 a2 o3 t3   0.0740741       0.0504004       0.0185965       0.2524769                           
     4:p sA g1 c1 a1 o1 t2   1.0000000       0.6510380E-005  0.9999872       1.0000128                           
     5:p sA g1 c1 a2 o2 t3   1.0000000       0.0000000       1.0000000       1.0000000                           
     6:p sA g1 c1 a3 o3 t4   1.0000000       0.0000000       1.0000000       1.0000000                           
     7:p sA g1 c1 a4 o4 t5   1.0000000       0.0000000       1.0000000       1.0000000                           
     8:p sB g1 c1 a3 o3 t4   0.9999990       0.0000000       0.9999990       0.9999990                           
     9:p sB g1 c1 a4 o4 t5   0.5680817E-036  0.0000000       0.5680817E-036  0.5680817E-036                      
    10:S sA g1 c1 a3 o4 t4   1.0000000       0.0000000       1.0000000       1.0000000       Fixed               
    11:p sB g1 c1 a1 o1 t2   0.0000000       0.0000000       0.0000000       0.0000000       Fixed               
    12:Psi sA toB g1 c1 a0   0.0000000       0.0000000       0.0000000       0.0000000       Fixed               
    13:Psi sA toB g1 c1 a1   0.0000000       0.0000000       0.0000000       0.0000000       Fixed               
    14:Psi sA toB g1 c1 a2   0.4999992       0.3535504       0.0588651       0.9411345                           
    15:Psi sA toB g1 c1 a3   0.0000000       0.0000000       0.0000000       0.0000000       Fixed               
    16:Psi sA toB g1 c2 a0   0.0000000       0.0000000       0.0000000       0.0000000       Fixed               
    17:Psi sA toB g1 c2 a1   0.4999992       0.3535504       0.0588651       0.9411345                           
    18:Psi sA toB g1 c2 a2   0.0000000       0.0000000       0.0000000       0.0000000       Fixed               
    19:Psi sA toB g1 c3 a0   0.4999992       0.3535504       0.0588651       0.9411345                           
    20:Psi sA toB g1 c3 a1   0.0000000       0.0000000       0.0000000       0.0000000       Fixed               
    21:Psi sA toB g1 c4 a0   0.0000000       0.0000000       0.0000000       0.0000000       Fixed               
    22:Psi sB toA g1 c1 a0   0.0000000       0.0000000       0.0000000       0.0000000       Fixed               
    23:Psi sB toA g1 c1 a1   0.0000000       0.0000000       0.0000000       0.0000000       Fixed               
    24:Psi sB toA g1 c1 a2   0.0000000       0.0000000       0.0000000       0.0000000       Fixed               
    25:Psi sB toA g1 c1 a3   0.0000000       0.0000000       0.0000000       0.0000000       Fixed               
    26:Psi sB toA g1 c2 a0   0.0000000       0.0000000       0.0000000       0.0000000       Fixed               
    27:Psi sB toA g1 c2 a1   0.0000000       0.0000000       0.0000000       0.0000000       Fixed               
    28:Psi sB toA g1 c2 a2   0.0000000       0.0000000       0.0000000       0.0000000       Fixed               
    29:Psi sB toA g1 c3 a0   0.0000000       0.0000000       0.0000000       0.0000000       Fixed               
    30:Psi sB toA g1 c3 a1   0.0000000       0.0000000       0.0000000       0.0000000       Fixed               
    31:Psi sB toA g1 c4 a0   0.0000000       0.0000000       0.0000000       0.0000000       Fixed               

 Attempted ordering of parameters by estimatibility:
   1  3  2 10  4  7  5  6  8  9
 Beta number 9 is a singular value.

     CPU Time in seconds for last procedure was 0.03

  Program  MARK  - Survival Rate Estimation with Capture-Recapture Data
   gfortran(Win64) Vers. 8.0 Jun 2014    6-Dec-2018 11:28:11    Page  009
 - - - - - - - - - - - - - - - - - - - - - - - - - - - - - - - - - - - - - -
 


  INPUT --- proc stop;

     CPU Time in minutes for this job was 0.00

     Time Start = 11:28:11.303   Time End = 11:28:11.337

     Wall Clock Time in minutes for this job was 0.00


          E X E C U T I O N   S U C C E S S F U L 
