
   Program  MARK  - Survival Rate Estimation with Capture-Recapture Data
   gfortran(Win64) Vers. 8.0 Jun 2014   11-May-2018 15:42:13    Page  001
 - - - - - - - - - - - - - - - - - - - - - - - - - - - - - - - - - - - - - -
 
   This version was compiled by GCC version 4.9.2 using the options 
   -m64 -mtune=generic -march=x86-64 -mthreads -O2 -fimplicit-none -fbounds-check -funroll-loops -ftree-vectorize -fopenmp.
   This problem will use 1 of 2 possible threads.


  INPUT --- proc title ;

     CPU Time in seconds for last procedure was 0.00


  INPUT --- proc chmatrix occasions= 3 groups= 1 etype= Live ICMeans 
  INPUT --- NoHist hist= 3 ;

  INPUT ---    time  interval 1 1 ;

  INPUT ---    glabel(1)=Group 1;

      Number of unique encounter histories read was 3.

      Number of individual covariates read was 0.
      Time interval lengths are all equal to 1.

      Data type number is 1
      Data type is Live Recaptures (CJS)                                                                               

     CPU Time in seconds for last procedure was 0.00

  Program  MARK  - Survival Rate Estimation with Capture-Recapture Data
   gfortran(Win64) Vers. 8.0 Jun 2014   11-May-2018 15:42:13    Page  002
 - - - - - - - - - - - - - - - - - - - - - - - - - - - - - - - - - - - - - -
 


  INPUT --- proc estimate link=Logit NOLOOP varest=2ndPart    ;


  INPUT --- model={ Phi(~time)p(~time) };

  INPUT ---    group=1 Phi    rows=2 cols=2 Triang ;
  INPUT ---        1 2 ;
  INPUT ---        2 ;

  INPUT ---    group=1 p    rows=2 cols=2 Triang ;
  INPUT ---        3 4 ;
  INPUT ---        4 ;

  INPUT ---    design matrix constraints=4 covariates=4;
  INPUT ---        1 0 0 0;
  INPUT ---        1 1 0 0;
  INPUT ---        0 0 1 0;
  INPUT ---        0 0 1 1;

  INPUT ---    blabel(1)=Phi:(Intercept);

  INPUT ---    blabel(2)=Phi:time2;

  INPUT ---    blabel(3)=p:(Intercept);

  INPUT ---    blabel(4)=p:time3;

  INPUT ---    rlabel(1)=Phi g1 c1 a0 t1;

  INPUT ---    rlabel(2)=Phi g1 c1 a1 t2;

  INPUT ---    rlabel(3)=p g1 c1 a1 t2;

  INPUT ---    rlabel(4)=p g1 c1 a2 t3;

 Link Function Used is LOGIT        

 Variance Estimation Procedure Used is 2ndPart 
 -2logL(saturated) = 256.08753     
 Effective Sample Size = 202

 Number of function evaluations was 48 for 4 parameters.
 Time for numerical optimization was 0.01 seconds.

  Program  MARK  - Survival Rate Estimation with Capture-Recapture Data
   gfortran(Win64) Vers. 8.0 Jun 2014   11-May-2018 15:42:13    Page  003
 - - - - - - - - - - - - - - - - - - - - - - - - - - - - - - - - - - - - - -
 
 -2logL { Phi(~time)p(~time) } = 256.08753     
 Penalty { Phi(~time)p(~time) } = -0.0000000    
 Gradient { Phi(~time)p(~time) }:
 -0.6958754E-05 0.1352829E-04  0.000000      0.000000    
 S Vector { Phi(~time)p(~time) }:
   47.64075      7.574527     0.1798032E-06 0.1712371E-07
 Time to compute number of parameters was 0.01 seconds.
   Threshold =  0.1000000E-06     Condition index =  0.3594341E-09     New Threshold =  0.3424742E-07
 New Guessimate of Estimated Parameters { Phi(~time)p(~time) } = 2          
 Conditioned S Vector { Phi(~time)p(~time) }:
   1.000000     0.1589926     0.3774147E-08 0.3594341E-09
 Number of Estimated Parameters { Phi(~time)p(~time) } = 2          
 DEVIANCE { Phi(~time)p(~time) } = 0.6873802E-007                
 DEVIANCE Degrees of Freedom { Phi(~time)p(~time) } = 0            
 c-hat { Phi(~time)p(~time) } = 1.0000000                     
 AIC { Phi(~time)p(~time) } = 260.08753                  
 AICc { Phi(~time)p(~time) } = 260.14783                    
 BIC { Phi(~time)p(~time) } = 266.70407                    
 Pearson Chisquare { Phi(~time)p(~time) } = 0.3447305E-007             
 Possible Encounter Histories { Phi(~time)p(~time) } = 4             
 Pearson Chisquare df { Phi(~time)p(~time) } = 1        
 Pearson chat { Phi(~time)p(~time) } = 0.3447305E-007             
 Sum(Observed/Expected) { Phi(~time)p(~time) } = 2.9999980                  
 Fletcher chat { Phi(~time)p(~time) } = 0.4596410E-007             


                    LOGIT Link Function Parameters of { Phi(~time)p(~time) }
                                                              95% Confidence Interval
 Parameter                    Beta         Standard Error      Lower           Upper
 -------------------------  --------------  --------------  --------------  --------------
    1:Phi:(Intercept)       -0.6337213      0.1715658       -0.9699903      -0.2974523    
    2:Phi:time2             -0.2605624      30.042986       -59.144816      58.623691     
    3:p:(Intercept)         19.897193       5143.5300       -10061.422      10101.216     
    4:p:time3               -14.800918      6124.0013       -12017.844      11988.242     


                    Real Function Parameters of { Phi(~time)p(~time) }
                                                               95% Confidence Interval
  Parameter                  Estimate       Standard Error      Lower           Upper
 --------------------------  --------------  --------------  --------------  --------------
     1:Phi g1 c1 a0 t1       0.3466672       0.0388578       0.2748824       0.4261804                           
     2:Phi g1 c1 a1 t2       0.2902266       6.1886081       0.1093772E-025  1.0000000                           
     3:p g1 c1 a1 t2         1.0000000       0.1174952E-004  0.9999770       1.0000230                           
     4:p g1 c1 a2 t3         0.9939177       21.192562       0.1611191E-301  1.0000000                           

 Attempted ordering of parameters by estimatibility:
  1 2 3 4
 Beta number 4 is a singular value.

     CPU Time in seconds for last procedure was 0.02

  Program  MARK  - Survival Rate Estimation with Capture-Recapture Data
   gfortran(Win64) Vers. 8.0 Jun 2014   11-May-2018 15:42:13    Page  004
 - - - - - - - - - - - - - - - - - - - - - - - - - - - - - - - - - - - - - -
 


  INPUT --- proc stop;

     CPU Time in minutes for this job was 0.00

     Time Start = 15:42:13.148   Time End = 15:42:13.164

     Wall Clock Time in minutes for this job was 0.00


          E X E C U T I O N   S U C C E S S F U L 
