
   Program  MARK  - Survival Rate Estimation with Capture-Recapture Data
   gfortran(dble) Vers. 9.0 Jan 2019     4-Apr-2020 08:19:00    Page  001
 - - - - - - - - - - - - - - - - - - - - - - - - - - - - - - - - - - - - - -
 
   This version was compiled by GCC version 8.1.0 using the options: 
     -cpp -iprefix C:/Program Files/mingw-w64/x86_64-8.1.0-posix-seh-rt_v6-rev0/
     mingw64/bin/../lib/gcc/x86_64-w64-mingw32/8.1.0/ -D_MT -D_REENTRANT
     -U_REENTRANT -D IEEE -D DBLEPRECISION -m64 -mtune=core2 -march=nocona -mthreads
     -O2 -fimplicit-none -fbounds-check -funroll-loops -ftree-vectorize
     -ffpe-summary=invalid,zero,overflow,underflow -fno-unsafe-math-optimizations
     -frounding-math -fsignaling-nans -fopenmp.

   This problem will use 7 of 8 possible threads.


  INPUT --- proc title ;

   CPU Time for the last procedure was 0.01 seconds.     


  INPUT --- proc chmatrix occasions= 3 groups= 3 etype= Live Nodes= 101 
  INPUT --- ICMeans NoHist hist= 5 ;

  INPUT ---    time interval 1 1 ;

  INPUT ---    glabel(1)=relUpriver Release;

  INPUT ---    glabel(2)=relFranks Tract Release;

  INPUT ---    glabel(3)=relDownriver Release;

   * *  WARNING  * *   At least a pair of the encounter histories are duplicates. 

      Number of unique encounter histories read was 2.

      Number of individual covariates read was 0.
      Time interval lengths are all equal to 1.

      Data type number is 1
      Data type is Live Recaptures (CJS)                                                                               

   CPU Time for the last procedure was 0.01 seconds.     

  Program  MARK  - Survival Rate Estimation with Capture-Recapture Data
   gfortran(dble) Vers. 9.0 Jan 2019     4-Apr-2020 08:19:00    Page  002
 - - - - - - - - - - - - - - - - - - - - - - - - - - - - - - - - - - - - - -
 


  INPUT --- proc estimate link=Logit NOLOOP varest=2ndPart    ;


  INPUT --- model={ Phi(~time)p(~time) };

  INPUT ---    group=1 Phi    rows=2 cols=2 Triang ;
  INPUT ---        1 2 ;
  INPUT ---        2 ;

  INPUT ---    group=2 Phi    rows=2 cols=2 Triang ;
  INPUT ---        1 2 ;
  INPUT ---        2 ;

  INPUT ---    group=3 Phi    rows=2 cols=2 Triang ;
  INPUT ---        1 2 ;
  INPUT ---        2 ;

  INPUT ---    group=1 p    rows=2 cols=2 Triang ;
  INPUT ---        3 4 ;
  INPUT ---        4 ;

  INPUT ---    group=2 p    rows=2 cols=2 Triang ;
  INPUT ---        3 4 ;
  INPUT ---        4 ;

  INPUT ---    group=3 p    rows=2 cols=2 Triang ;
  INPUT ---        3 4 ;
  INPUT ---        4 ;

  INPUT ---    design matrix constraints=4 covariates=4;
  INPUT ---        1 0 0 0;
  INPUT ---        1 1 0 0;
  INPUT ---        0 0 1 0;
  INPUT ---        0 0 1 1;
  INPUT ---       blabel(1)=Phi:(Intercept);
  INPUT ---       blabel(2)=Phi:time2;
  INPUT ---       blabel(3)=p:(Intercept);
  INPUT ---       blabel(4)=p:time3;
  INPUT ---       rlabel(1)=Phi gUpriver Release c1 a0 t1;
  INPUT ---       rlabel(2)=Phi gUpriver Release c1 a1 t2;
  INPUT ---       rlabel(3)=p gUpriver Release c1 a1 t2;
  INPUT ---       rlabel(4)=p gUpriver Release c1 a2 t3;

 Link Function Used is LOGIT        

  Program  MARK  - Survival Rate Estimation with Capture-Recapture Data
   gfortran(dble) Vers. 9.0 Jan 2019     4-Apr-2020 08:19:00    Page  003
 - - - - - - - - - - - - - - - - - - - - - - - - - - - - - - - - - - - - - -
 

 Variance Estimation Procedure Used is 2ndPart 
 -2logL(saturated) = 35.848000     
 Effective Sample Size = 803

 Number of function evaluations was 59 for 4 parameters.
 Time for numerical optimization was 0.02 seconds.     
 -2logL { Phi(~time)p(~time) } = 39.504733     
 Penalty { Phi(~time)p(~time) } = 0.0000000     
 Gradient { Phi(~time)p(~time) }:
  0.7244296E-06   0.000000       0.000000       0.000000    
 Maximum ABS(G) { Phi(~time)p(~time) } = 0.7244296E-06 
 S Vector { Phi(~time)p(~time) }:
   2.988749     0.9883983E-08 0.2707096E-09 0.3255952E-11
 Time to compute number of parameters was 0.01 seconds.     
 Ratio Threshold = 50.000000       Max Gap (1/2) = 0.3023831E+09   Next Max Gap (1/2) = 0.3023831E+09 
 Gap Method for Num. of Estimated Parameters { Phi(~time)p(~time) } = 1          
 Threshold { Phi(~time)p(~time) } = 0.1448859E-05                 
 Numerical Threshold Method for Num. of Estimated Parameters { Phi(~time)p(~time) } = 1          
 Number of Estimated Parameters { Phi(~time)p(~time) } = 1          
 DEVIANCE { Phi(~time)p(~time) } = 3.6567322                     
 DEVIANCE Degrees of Freedom { Phi(~time)p(~time) } = 1            
 c-hat { Phi(~time)p(~time) } = 3.6567322                     
 AIC { Phi(~time)p(~time) } = 41.504733                  
 AICc { Phi(~time)p(~time) } = 41.509726                    
 BIC { Phi(~time)p(~time) } = 46.193087                    
 Pearson Chisquare { Phi(~time)p(~time) } = 2.7245032                  
 Possible Encounter Histories { Phi(~time)p(~time) } = 12             
 Pearson Chisquare df { Phi(~time)p(~time) } = 8        
 Pearson chat { Phi(~time)p(~time) } = 0.3405629                  
 Sum(Observed/Expected) { Phi(~time)p(~time) } = 7.1859960                  
 s-bar { Phi(~time)p(~time) } = -0.5348893                 
 Fletcher chat { Phi(~time)p(~time) } = 0.7322191                  


                    LOGIT Link Function Parameters of { Phi(~time)p(~time) }
                                                              95% Confidence Interval
 Parameter                    Beta         Standard Error      Lower           Upper
 -------------------------  --------------  --------------  --------------  --------------
    1:Phi:(Intercept)       -5.5822426       0.5784359      -6.7159770      -4.4485082    
    2:Phi:time2              28.676878       60778.245      -119096.69       119154.04    
    3:p:(Intercept)          19.545801       10058.518      -19695.151       19734.242    
    4:p:time3                190.34453       0.0000000       190.34453       190.34453    


                    Real Function Parameters of { Phi(~time)p(~time) }
                                                               95% Confidence Interval
  Parameter                  Estimate       Standard Error      Lower           Upper
 --------------------------  --------------  --------------  --------------  --------------
     1:Phi gUpriver Release   0.0037500       0.0021610       0.0012099       0.0115608                          
     2:Phi gUpriver Release   1.0000000       0.5673824E-05   0.9999889       1.0000111                          
     3:p gUpriver Release c   1.0000000       0.3265129E-04   0.9999360       1.0000640                          
     4:p gUpriver Release c   1.0000000       0.0000000       1.0000000       1.0000000                          

 Attempted ordering of parameters by estimatibility:
  1 3 2 4
 Beta number 4 is a singular value.

   CPU Time for the last procedure was 0.03 seconds.     

  Program  MARK  - Survival Rate Estimation with Capture-Recapture Data
   gfortran(dble) Vers. 9.0 Jan 2019     4-Apr-2020 08:19:00    Page  004
 - - - - - - - - - - - - - - - - - - - - - - - - - - - - - - - - - - - - - -
 


  INPUT --- proc stop;

     CPU Time in minutes for this job was 0.00

     Time Start = 08:19:00.194   Time End = 08:19:00.223

     Wall Clock Time in minutes for this job was 0.00


          E X E C U T I O N   S U C C E S S F U L 
