
   Program  MARK  - Survival Rate Estimation with Capture-Recapture Data
   gfortran(dble) Vers. 9.0 Jan 2019    25-May-2020 06:48:17    Page  001
 - - - - - - - - - - - - - - - - - - - - - - - - - - - - - - - - - - - - - -
 
   This version was compiled by GCC version 8.1.0 using the options: 
     -cpp -iprefix C:/Program Files/mingw-w64/x86_64-8.1.0-posix-seh-rt_v6-rev0/
     mingw64/bin/../lib/gcc/x86_64-w64-mingw32/8.1.0/ -D_MT -D_REENTRANT
     -U_REENTRANT -D IEEE -D DBLEPRECISION -m64 -mtune=core2 -march=nocona -mthreads
     -O2 -fimplicit-none -fbounds-check -funroll-loops -ftree-vectorize
     -ffpe-summary=invalid,zero,overflow,underflow -fno-unsafe-math-optimizations
     -frounding-math -fsignaling-nans -fopenmp.

   This problem will use 7 of 8 possible threads.


  INPUT --- proc title ;

   CPU Time for the last procedure was 0.01 seconds.     


  INPUT --- proc chmatrix occasions= 3 groups= 1 etype= Live Nodes= 101 
  INPUT --- ICMeans NoHist hist= 2 ;

  INPUT ---    time interval 1 1 ;

  INPUT ---    glabel(1)=Group 1;

      Number of unique encounter histories read was 2.

      Number of individual covariates read was 0.
      Time interval lengths are all equal to 1.

      Data type number is 1
      Data type is Live Recaptures (CJS)                                                                               

   CPU Time for the last procedure was 0.01 seconds.     

  Program  MARK  - Survival Rate Estimation with Capture-Recapture Data
   gfortran(dble) Vers. 9.0 Jan 2019    25-May-2020 06:48:17    Page  002
 - - - - - - - - - - - - - - - - - - - - - - - - - - - - - - - - - - - - - -
 


  INPUT --- proc estimate link=Logit NOLOOP varest=2ndPart    ;


  INPUT --- model={ Phi(~time)p(~time) };

  INPUT ---    group=1 Phi    rows=2 cols=2 Triang ;
  INPUT ---        1 2 ;
  INPUT ---        2 ;

  INPUT ---    group=1 p    rows=2 cols=2 Triang ;
  INPUT ---        3 4 ;
  INPUT ---        4 ;

  INPUT ---    design matrix constraints=4 covariates=4;
  INPUT ---        1 0 0 0;
  INPUT ---        1 1 0 0;
  INPUT ---        0 0 1 0;
  INPUT ---        0 0 1 1;
  INPUT ---       blabel(1)=Phi:(Intercept);
  INPUT ---       blabel(2)=Phi:time2;
  INPUT ---       blabel(3)=p:(Intercept);
  INPUT ---       blabel(4)=p:time3;
  INPUT ---       rlabel(1)=Phi g1 c1 a0 t1;
  INPUT ---       rlabel(2)=Phi g1 c1 a1 t2;
  INPUT ---       rlabel(3)=p g1 c1 a1 t2;
  INPUT ---       rlabel(4)=p g1 c1 a2 t3;

 Link Function Used is LOGIT        

 Variance Estimation Procedure Used is 2ndPart 
 -2logL(saturated) = 13.980427     
 Effective Sample Size = 401

 Number of function evaluations was 50 for 4 parameters.
 Time for numerical optimization was 0.08 seconds.     
 -2logL { Phi(~time)p(~time) } = 13.980427     
 Penalty { Phi(~time)p(~time) } = 0.0000000     
 Gradient { Phi(~time)p(~time) }:
  0.3923063E-06   0.000000       0.000000       0.000000    
 Maximum ABS(G) { Phi(~time)p(~time) } = 0.3923063E-06 
 S Vector { Phi(~time)p(~time) }:
  0.9975001     0.1774658E-09 0.4377493E-11 0.2131735E-12
 Time to compute number of parameters was 0.01 seconds.     
 Ratio Threshold = 50.000000       Max Gap (1/2) = 0.5620800E+10   Next Max Gap (1/2) = 0.5620800E+10 
 Gap Method for Num. of Estimated Parameters { Phi(~time)p(~time) } = 1          
 Threshold { Phi(~time)p(~time) } = 0.7846126E-06                 
 Numerical Threshold Method for Num. of Estimated Parameters { Phi(~time)p(~time) } = 1          
 Number of Estimated Parameters { Phi(~time)p(~time) } = 1          
 DEVIANCE { Phi(~time)p(~time) } = 0.1608491E-09                 
 DEVIANCE Degrees of Freedom { Phi(~time)p(~time) } = 0            
 c-hat { Phi(~time)p(~time) } = 1.0000000                     
 AIC { Phi(~time)p(~time) } = 15.980427                  
 AICc { Phi(~time)p(~time) } = 15.990452                    
 BIC { Phi(~time)p(~time) } = 19.974388                    
 Pearson Chisquare { Phi(~time)p(~time) } = 0.8043525E-10              
 Possible Encounter Histories { Phi(~time)p(~time) } = 4             
 Pearson Chisquare df { Phi(~time)p(~time) } = 2        
 Pearson chat { Phi(~time)p(~time) } = 0.4021762E-10              
 Sum(Observed/Expected) { Phi(~time)p(~time) } = 2.0000000                  
 s-bar { Phi(~time)p(~time) } = -0.6666667                 
 Fletcher chat { Phi(~time)p(~time) } = 0.1206529E-09              

  Program  MARK  - Survival Rate Estimation with Capture-Recapture Data
   gfortran(dble) Vers. 9.0 Jan 2019    25-May-2020 06:48:17    Page  003
 - - - - - - - - - - - - - - - - - - - - - - - - - - - - - - - - - - - - - -
 


                    LOGIT Link Function Parameters of { Phi(~time)p(~time) }
                                                              95% Confidence Interval
 Parameter                    Beta         Standard Error      Lower           Upper
 -------------------------  --------------  --------------  --------------  --------------
    1:Phi:(Intercept)       -5.9889614       1.0012523      -7.9514160      -4.0265068    
    2:Phi:time2              151.64508       0.0000000       151.64508       151.64508    
    3:p:(Intercept)          23.243856       75065.887      -147105.90       147152.39    
    4:p:time3                32.685010       0.0000000       32.685010       32.685010    


                    Real Function Parameters of { Phi(~time)p(~time) }
                                                               95% Confidence Interval
  Parameter                  Estimate       Standard Error      Lower           Upper
 --------------------------  --------------  --------------  --------------  --------------
     1:Phi g1 c1 a0 t1        0.0025000       0.0024969       0.3520392E-03   0.0175240                          
     2:Phi g1 c1 a1 t2        1.0000000       0.0000000       1.0000000       1.0000000                          
     3:p g1 c1 a1 t2          1.0000000       0.6036207E-05   0.9999882       1.0000118                          
     4:p g1 c1 a2 t3          1.0000000       0.0000000       1.0000000       1.0000000                          

 Attempted ordering of parameters by estimatibility:
  1 3 4 2
 Beta number 2 is a singular value.

   CPU Time for the last procedure was 0.08 seconds.     

  Program  MARK  - Survival Rate Estimation with Capture-Recapture Data
   gfortran(dble) Vers. 9.0 Jan 2019    25-May-2020 06:48:17    Page  004
 - - - - - - - - - - - - - - - - - - - - - - - - - - - - - - - - - - - - - -
 


  INPUT --- proc stop;

     CPU Time in minutes for this job was 0.00

     Time Start = 06:48:17.770   Time End = 06:48:17.793

     Wall Clock Time in minutes for this job was 0.00


          E X E C U T I O N   S U C C E S S F U L 
