
   Program  MARK  - Survival Rate Estimation with Capture-Recapture Data
   gfortran(Win64) Vers. 8.0 Jun 2014    4-Dec-2018 13:44:03    Page  001
 - - - - - - - - - - - - - - - - - - - - - - - - - - - - - - - - - - - - - -
 
   This version was compiled by GCC version 4.9.2 using the options 
   -m64 -mtune=generic -march=x86-64 -mthreads -O2 -fimplicit-none -fbounds-check -funroll-loops -ftree-vectorize -fopenmp.
   This problem will use 1 of 2 possible threads.


  INPUT --- proc title ;

     CPU Time in seconds for last procedure was 0.00


  INPUT --- proc chmatrix occasions= 3 groups= 1 etype= Live ICMeans 
  INPUT --- NoHist hist= 3 ;

  INPUT ---    time  interval 1 1 ;

  INPUT ---    glabel(1)=Group 1;

      Number of unique encounter histories read was 3.

      Number of individual covariates read was 0.
      Time interval lengths are all equal to 1.

      Data type number is 1
      Data type is Live Recaptures (CJS)                                                                               

     CPU Time in seconds for last procedure was 0.00

  Program  MARK  - Survival Rate Estimation with Capture-Recapture Data
   gfortran(Win64) Vers. 8.0 Jun 2014    4-Dec-2018 13:44:03    Page  002
 - - - - - - - - - - - - - - - - - - - - - - - - - - - - - - - - - - - - - -
 


  INPUT --- proc estimate link=Logit NOLOOP varest=2ndPart    ;


  INPUT --- model={ Phi(~time)p(~time) };

  INPUT ---    group=1 Phi    rows=2 cols=2 Triang ;
  INPUT ---        1 2 ;
  INPUT ---        2 ;

  INPUT ---    group=1 p    rows=2 cols=2 Triang ;
  INPUT ---        3 4 ;
  INPUT ---        4 ;

  INPUT ---    design matrix constraints=4 covariates=4;
  INPUT ---        1 0 0 0;
  INPUT ---        1 1 0 0;
  INPUT ---        0 0 1 0;
  INPUT ---        0 0 1 1;

  INPUT ---    blabel(1)=Phi:(Intercept);

  INPUT ---    blabel(2)=Phi:time2;

  INPUT ---    blabel(3)=p:(Intercept);

  INPUT ---    blabel(4)=p:time3;

  INPUT ---    rlabel(1)=Phi g1 c1 a0 t1;

  INPUT ---    rlabel(2)=Phi g1 c1 a1 t2;

  INPUT ---    rlabel(3)=p g1 c1 a1 t2;

  INPUT ---    rlabel(4)=p g1 c1 a2 t3;

 Link Function Used is LOGIT        

 Variance Estimation Procedure Used is 2ndPart 
 -2logL(saturated) = 77.601774     
 Effective Sample Size = 447

 Number of function evaluations was 41 for 4 parameters.
 Time for numerical optimization was 0.02 seconds.

  Program  MARK  - Survival Rate Estimation with Capture-Recapture Data
   gfortran(Win64) Vers. 8.0 Jun 2014    4-Dec-2018 13:44:03    Page  003
 - - - - - - - - - - - - - - - - - - - - - - - - - - - - - - - - - - - - - -
 
 -2logL { Phi(~time)p(~time) } = 77.601774     
 Penalty { Phi(~time)p(~time) } = -0.0000000    
 Gradient { Phi(~time)p(~time) }:
  0.1109177E-05 0.2054605E-06  0.000000      0.000000    
 S Vector { Phi(~time)p(~time) }:
   7.850830     0.7520918     0.1081935E-08 0.7642876E-10
 Time to compute number of parameters was 0.01 seconds.
   Threshold =  0.1000000E-06     Condition index =  0.9735118E-11     New Threshold =  0.1528575E-09
 New Guessimate of Estimated Parameters { Phi(~time)p(~time) } = 2          
 Conditioned S Vector { Phi(~time)p(~time) }:
   1.000000     0.9579774E-01 0.1378115E-09 0.9735118E-11
 Number of Estimated Parameters { Phi(~time)p(~time) } = 2          
 DEVIANCE { Phi(~time)p(~time) } = 0.2664535E-010                
 DEVIANCE Degrees of Freedom { Phi(~time)p(~time) } = 0            
 c-hat { Phi(~time)p(~time) } = 1.0000000                     
 AIC { Phi(~time)p(~time) } = 81.601774                  
 AICc { Phi(~time)p(~time) } = 81.628801                    
 BIC { Phi(~time)p(~time) } = 89.806891                    
 Pearson Chisquare { Phi(~time)p(~time) } = 0.1336259E-010             
 Possible Encounter Histories { Phi(~time)p(~time) } = 4             
 Pearson Chisquare df { Phi(~time)p(~time) } = 1        
 Pearson chat { Phi(~time)p(~time) } = 0.1336259E-010             
 Sum(Observed/Expected) { Phi(~time)p(~time) } = 3.0000001                  
 Fletcher chat { Phi(~time)p(~time) } = 0.1781678E-010             


                    LOGIT Link Function Parameters of { Phi(~time)p(~time) }
                                                              95% Confidence Interval
 Parameter                    Beta         Standard Error      Lower           Upper
 -------------------------  --------------  --------------  --------------  --------------
    1:Phi:(Intercept)       -4.1248276      0.3810074       -4.8716020      -3.3780532    
    2:Phi:time2             5.9165871       1.1453529       3.6716953       8.1614789     
    3:p:(Intercept)         26.834032       0.1911699E-008  26.834032       26.834032     
    4:p:time3               13.795646       0.0000000       13.795646       13.795646     


                    Real Function Parameters of { Phi(~time)p(~time) }
                                                               95% Confidence Interval
  Parameter                  Estimate       Standard Error      Lower           Upper
 --------------------------  --------------  --------------  --------------  --------------
     1:Phi g1 c1 a0 t1       0.0159091       0.0059650       0.0076028       0.0329884                           
     2:Phi g1 c1 a1 t2       0.8571429       0.1322600       0.4193889       0.9803301                           
     3:p g1 c1 a1 t2         1.0000000       0.4241852E-020  1.0000000       1.0000000                           
     4:p g1 c1 a2 t3         1.0000000       0.0000000       1.0000000       1.0000000                           

 Attempted ordering of parameters by estimatibility:
  1 2 4 3
 Beta number 3 is a singular value.

     CPU Time in seconds for last procedure was 0.02

  Program  MARK  - Survival Rate Estimation with Capture-Recapture Data
   gfortran(Win64) Vers. 8.0 Jun 2014    4-Dec-2018 13:44:03    Page  004
 - - - - - - - - - - - - - - - - - - - - - - - - - - - - - - - - - - - - - -
 


  INPUT --- proc stop;

     CPU Time in minutes for this job was 0.00

     Time Start = 13:44:03.969   Time End = 13:44:03.978

     Wall Clock Time in minutes for this job was 0.00


          E X E C U T I O N   S U C C E S S F U L 
